(---------------------------------------------------------------------)
(                                                                     )
(    Allegro Netrev Import Logic                                      )
(                                                                     )
(    Drawing          : ANALYSIS_0109_3.brd                           )
(    Software Version : 16.6P004                                      )
(    Date/Time        : Tue Jan 10 09:22:43 2017                      )
(                                                                     )
(---------------------------------------------------------------------)


------ Directives ------

RIPUP_ETCH FALSE;
RIPUP_DELETE_FIRST_SEGMENT FALSE;
RIPUP_RETAIN_BONDWIRE FALSE;
RIPUP_SYMBOLS ALWAYS;
Missing symbol has error FALSE;
SCHEMATIC_DIRECTORY 'C:\USERS\SCC\DESKTOP\绘图文件\全息仪项目\全息仪原理图及PCB\allegro';
BOARD_DIRECTORY '';
OLD_BOARD_NAME 'C:/Users/SCC/Desktop/绘图文件/全息仪项目/全息仪原理图及PCB/allegro/ANALYSIS_0109_3.brd';
NEW_BOARD_NAME 'ANALYSIS_0109_4.brd';

CmdLine: netrev.exe -y 1 -i C:\USERS\SCC\DESKTOP\绘图文件\全息仪项目\全息仪原理图及PCB\allegro C:\Users\SCC\Desktop\绘图文件\全息仪项目\全息仪原理图及PCB\allegro\ANALYSIS_0109_3.brd C:\USERS\SCC\DESKTOP\绘图文件\全息仪项目\全息仪原理图及PCB\allegro\ANALYSIS_0109_4.brd

------ Preparing to read pst files ------

Starting to read C:/USERS/SCC/DESKTOP/绘图文件/全息仪项目/全息仪原理图及PCB/allegro/pstchip.dat 
   Finished reading C:/USERS/SCC/DESKTOP/绘图文件/全息仪项目/全息仪原理图及PCB/allegro/pstchip.dat (00:00:00.03)
Starting to read C:/USERS/SCC/DESKTOP/绘图文件/全息仪项目/全息仪原理图及PCB/allegro/pstxprt.dat 
   Finished reading C:/USERS/SCC/DESKTOP/绘图文件/全息仪项目/全息仪原理图及PCB/allegro/pstxprt.dat (00:00:00.00)
Starting to read C:/USERS/SCC/DESKTOP/绘图文件/全息仪项目/全息仪原理图及PCB/allegro/pstxnet.dat 
   Finished reading C:/USERS/SCC/DESKTOP/绘图文件/全息仪项目/全息仪原理图及PCB/allegro/pstxnet.dat (00:00:00.00)

------ Oversights/Warnings/Errors ------


------ Library Paths ------
MODULEPATH =  . 
           C:/Cadence/SPB_16.6/share/local/pcb/modules 

PSMPATH =  . 
           symbols 
           .. 
           ../symbols 
           C:/Cadence/SPB_16.6/share/local/pcb/symbols 
           C:/Cadence/SPB_16.6/share/pcb/pcb_lib/symbols 
           C:/Cadence/SPB_16.6/share/pcb/allegrolib/symbols 

PADPATH =  . 
           symbols 
           .. 
           ../symbols 
           C:/Cadence/SPB_16.6/share/local/pcb/padstacks 
           C:/Cadence/SPB_16.6/share/pcb/pcb_lib/symbols 
           C:/Cadence/SPB_16.6/share/pcb/allegrolib/symbols 


------ Summary Statistics ------


netrev run on Jan 10 9:22:43 2017
   DESIGN NAME : 'ANALYSIS_0109'
   PACKAGING ON Sep 10 2012 04:46:09

   COMPILE 'logic'
   CHECK_PIN_NAMES OFF
   CROSS_REFERENCE OFF
   FEEDBACK OFF
   INCREMENTAL OFF
   INTERFACE_TYPE PHYSICAL
   MAX_ERRORS 500
   MERGE_MINIMUM 5
   NET_NAME_CHARS '#%&()*+-./:=>?@[]^_`|'
   NET_NAME_LENGTH 24
   OVERSIGHTS ON
   REPLACE_CHECK OFF
   SINGLE_NODE_NETS ON
   SPLIT_MINIMUM 0
   SUPPRESS   20
   WARNINGS ON

 No error detected
 No oversight detected
 No warning detected

cpu time      0:01:51
elapsed time  0:00:01

